#
# There is insufficient memory for the Java Runtime Environment to continue.
# Native memory allocation (malloc) failed to allocate 32744 bytes for Chunk::new
# Possible reasons:
#   The system is out of physical RAM or swap space
#   The process is running with CompressedOops enabled, and the Java Heap may be blocking the growth of the native heap
# Possible solutions:
#   Reduce memory load on the system
#   Increase physical memory or swap space
#   Check if swap backing store is full
#   Decrease Java heap size (-Xmx/-Xms)
#   Decrease number of Java threads
#   Decrease Java thread stack sizes (-Xss)
#   Set larger code cache with -XX:ReservedCodeCacheSize=
#   JVM is running with Unscaled Compressed Oops mode in which the Java heap is
#     placed in the first 4GB address space. The Java Heap base address is the
#     maximum limit for the native heap growth. Please use -XX:HeapBaseMinAddress
#     to set the Java Heap base and to place the Java Heap above 4GB virtual address.
# This output file may be truncated or incomplete.
#
#  Out of Memory Error (arena.cpp:184), pid=22644, tid=26560
#
# JRE version: OpenJDK Runtime Environment (19.0.1+10) (build 19.0.1+10-21)
# Java VM: OpenJDK 64-Bit Server VM (19.0.1+10-21, mixed mode, sharing, tiered, compressed oops, compressed class ptrs, g1 gc, windows-amd64)
# No core dump will be written. Minidumps are not enabled by default on client versions of Windows
#

---------------  S U M M A R Y ------------

Command Line: -ea -Didea.test.cyclic.buffer.size=1048576 -javaagent:C:\Program Files\JetBrains\IntelliJ IDEA Community Edition 2023.3.2\lib\idea_rt.jar=62067:C:\Program Files\JetBrains\IntelliJ IDEA Community Edition 2023.3.2\bin -Dfile.encoding=UTF-8 -Dsun.stdout.encoding=UTF-8 -Dsun.stderr.encoding=UTF-8 com.intellij.rt.testng.RemoteTestNGStarter -usedefaultlisteners false -socket62066 @w@C:\Users\Pooja\AppData\Local\Temp\idea_working_dirs_testng.tmp -temp C:\Users\Pooja\AppData\Local\Temp\idea_testng.tmp

Host: Intel(R) Core(TM) i5-10500H CPU @ 2.50GHz, 12 cores, 7G,  Windows 11 , 64 bit Build 22621 (10.0.22621.3527)
Time: Mon May 13 18:30:49 2024 India Standard Time elapsed time: 22.680829 seconds (0d 0h 0m 22s)

---------------  T H R E A D  ---------------

Current thread (0x00000222eb8a0260):  JavaThread "C2 CompilerThread0" daemon [_thread_in_native, id=26560, stack(0x00000033d9b00000,0x00000033d9c00000)]


Current CompileTask:
C2:  22681 2593       4       java.nio.CharBuffer::<init> (24 bytes)

Stack: [0x00000033d9b00000,0x00000033d9c00000]
Native frames: (J=compiled Java code, j=interpreted, Vv=VM code, C=native code)
V  [jvm.dll+0x6ee8fa]
V  [jvm.dll+0x857a1e]
V  [jvm.dll+0x85940e]
V  [jvm.dll+0x859ac3]
V  [jvm.dll+0x28291f]
V  [jvm.dll+0xc9b5f]
V  [jvm.dll+0xc9ee5]
V  [jvm.dll+0x5d1298]
V  [jvm.dll+0x386230]
V  [jvm.dll+0x38567a]
V  [jvm.dll+0x24c2c9]
V  [jvm.dll+0x24b671]
V  [jvm.dll+0x1d6d61]
V  [jvm.dll+0x25b0fa]
V  [jvm.dll+0x259588]
V  [jvm.dll+0x807928]
V  [jvm.dll+0x8015fa]
V  [jvm.dll+0x6ed5eb]
C  [ucrtbase.dll+0x29333]
C  [KERNEL32.DLL+0x1257d]
C  [ntdll.dll+0x5aa48]


---------------  P R O C E S S  ---------------

Threads class SMR info:
_java_thread_list=0x00000222f0fbb740, length=19, elements={
0x00000222ccd673d0, 0x00000222eb888900, 0x00000222eb889890, 0x00000222eb88cab0,
0x00000222eb88e5f0, 0x00000222eb8911d0, 0x00000222eb89be60, 0x00000222eb8a0260,
0x00000222eb8a5da0, 0x00000222eb8a9730, 0x00000222efcd0940, 0x00000222efcd03f0,
0x00000222efcd23d0, 0x00000222efccf400, 0x00000222efcceeb0, 0x00000222efcd0e90,
0x00000222efccf950, 0x00000222efcd1e80, 0x00000222efcd1930
}

Java Threads: ( => current thread )
  0x00000222ccd673d0 JavaThread "Forwarding actions on session 44568a14c9a7e58ce6b2bd0c25810cdf to remote" [_thread_in_native, id=20576, stack(0x00000033d8e00000,0x00000033d8f00000)]
  0x00000222eb888900 JavaThread "Reference Handler" daemon [_thread_blocked, id=21968, stack(0x00000033d9500000,0x00000033d9600000)]
  0x00000222eb889890 JavaThread "Finalizer" daemon [_thread_blocked, id=14184, stack(0x00000033d9600000,0x00000033d9700000)]
  0x00000222eb88cab0 JavaThread "Signal Dispatcher" daemon [_thread_blocked, id=29420, stack(0x00000033d9700000,0x00000033d9800000)]
  0x00000222eb88e5f0 JavaThread "Attach Listener" daemon [_thread_blocked, id=4076, stack(0x00000033d9800000,0x00000033d9900000)]
  0x00000222eb8911d0 JavaThread "Service Thread" daemon [_thread_blocked, id=15448, stack(0x00000033d9900000,0x00000033d9a00000)]
  0x00000222eb89be60 JavaThread "Monitor Deflation Thread" daemon [_thread_blocked, id=28636, stack(0x00000033d9a00000,0x00000033d9b00000)]
=>0x00000222eb8a0260 JavaThread "C2 CompilerThread0" daemon [_thread_in_native, id=26560, stack(0x00000033d9b00000,0x00000033d9c00000)]
  0x00000222eb8a5da0 JavaThread "C1 CompilerThread0" daemon [_thread_blocked, id=17220, stack(0x00000033d9c00000,0x00000033d9d00000)]
  0x00000222eb8a9730 JavaThread "Sweeper thread" daemon [_thread_blocked, id=28140, stack(0x00000033d9d00000,0x00000033d9e00000)]
  0x00000222efcd0940 JavaThread "Common-Cleaner" daemon [_thread_blocked, id=27900, stack(0x00000033d9e00000,0x00000033d9f00000)]
  0x00000222efcd03f0 JavaThread "Monitor Ctrl-Break" daemon [_thread_in_native, id=27156, stack(0x00000033d9f00000,0x00000033da000000)]
  0x00000222efcd23d0 JavaThread "Notification Thread" daemon [_thread_blocked, id=8168, stack(0x00000033da000000,0x00000033da100000)]
  0x00000222efccf400 JavaThread "Exec Default Executor" daemon [_thread_in_native, id=24032, stack(0x00000033dac00000,0x00000033dad00000)]
  0x00000222efcceeb0 JavaThread "UrlChecker-2" daemon [_thread_blocked, id=16672, stack(0x00000033dad00000,0x00000033dae00000)]
  0x00000222efcd0e90 JavaThread "Exec Stream Pumper" daemon [_thread_in_native, id=18460, stack(0x00000033daf00000,0x00000033db000000)]
  0x00000222efccf950 JavaThread "Exec Stream Pumper" daemon [_thread_in_native, id=8936, stack(0x00000033db000000,0x00000033db100000)]
  0x00000222efcd1e80 JavaThread "OkHttp ConnectionPool" daemon [_thread_blocked, id=3556, stack(0x00000033db200000,0x00000033db300000)]
  0x00000222efcd1930 JavaThread "Okio Watchdog" daemon [_thread_blocked, id=22360, stack(0x00000033db300000,0x00000033db400000)]

Other Threads:
  0x00000222eb870c20 VMThread "VM Thread" [stack: 0x00000033d9400000,0x00000033d9500000] [id=28060]
  0x00000222ccd682b0 WatcherThread "VM Periodic Task Thread" [stack: 0x00000033da100000,0x00000033da200000] [id=26616]
  0x00000222ccdc6b60 WorkerThread "GC Thread#0" [stack: 0x00000033d8f00000,0x00000033d9000000] [id=8432]
  0x00000222f0b7c890 WorkerThread "GC Thread#1" [stack: 0x00000033da300000,0x00000033da400000] [id=692]
  0x00000222f0b4bc70 WorkerThread "GC Thread#2" [stack: 0x00000033da400000,0x00000033da500000] [id=3068]
  0x00000222f0c354b0 WorkerThread "GC Thread#3" [stack: 0x00000033da500000,0x00000033da600000] [id=10432]
  0x00000222f0c343d0 WorkerThread "GC Thread#4" [stack: 0x00000033da600000,0x00000033da700000] [id=27232]
  0x00000222f0c34f10 WorkerThread "GC Thread#5" [stack: 0x00000033da700000,0x00000033da800000] [id=12396]
  0x00000222f0c346a0 WorkerThread "GC Thread#6" [stack: 0x00000033da800000,0x00000033da900000] [id=15112]
  0x00000222f0c35780 WorkerThread "GC Thread#7" [stack: 0x00000033da900000,0x00000033daa00000] [id=5012]
  0x00000222f0c351e0 WorkerThread "GC Thread#8" [stack: 0x00000033daa00000,0x00000033dab00000] [id=320]
  0x00000222f0c34100 WorkerThread "GC Thread#9" [stack: 0x00000033dab00000,0x00000033dac00000] [id=2592]
  0x00000222ccdd9570 ConcurrentGCThread "G1 Main Marker" [stack: 0x00000033d9000000,0x00000033d9100000] [id=14332]
  0x00000222ccdd9fa0 WorkerThread "G1 Conc#0" [stack: 0x00000033d9100000,0x00000033d9200000] [id=21920]
  0x00000222eb72c180 ConcurrentGCThread "G1 Refine#0" [stack: 0x00000033d9200000,0x00000033d9300000] [id=29112]
  0x00000222eb72cad0 ConcurrentGCThread "G1 Service" [stack: 0x00000033d9300000,0x00000033d9400000] [id=27312]

Threads with active compile tasks:
C2 CompilerThread0    22717 2593       4       java.nio.CharBuffer::<init> (24 bytes)

VM state: not at safepoint (normal execution)

VM Mutex/Monitor currently owned by a thread: None

Heap address: 0x0000000083800000, size: 1992 MB, Compressed Oops mode: 32-bit

CDS archive(s) mapped at: [0x0000000800000000-0x0000000800c30000-0x0000000800c30000), size 12779520, SharedBaseAddress: 0x0000000800000000, ArchiveRelocationMode: 0.
Compressed class space mapped at: 0x0000000801000000-0x0000000841000000, reserved size: 1073741824
Narrow klass base: 0x0000000800000000, Narrow klass shift: 0, Narrow klass range: 0x100000000

GC Precious Log:
 CardTable entry size: 512
 Card Set container configuration: InlinePtr #cards 5 size 8 Array Of Cards #cards 12 size 40 Howl #buckets 4 coarsen threshold 1843 Howl Bitmap #cards 512 size 80 coarsen threshold 460 Card regions per heap region 1 cards per card region 2048
 CPUs: 12 total, 12 available
 Memory: 7967M
 Large Page Support: Disabled
 NUMA Support: Disabled
 Compressed Oops: Enabled (32-bit)
 Heap Region Size: 1M
 Heap Min Capacity: 8M
 Heap Initial Capacity: 126M
 Heap Max Capacity: 1992M
 Pre-touch: Disabled
 Parallel Workers: 10
 Concurrent Workers: 3
 Concurrent Refinement Workers: 10
 Periodic GC: Disabled

Heap:
 garbage-first heap   total 129024K, used 39606K [0x0000000083800000, 0x0000000100000000)
  region size 1024K, 30 young (30720K), 4 survivors (4096K)
 Metaspace       used 17434K, committed 17728K, reserved 1114112K
  class space    used 1997K, committed 2112K, reserved 1048576K

Heap Regions: E=young(eden), S=young(survivor), O=old, HS=humongous(starts), HC=humongous(continues), CS=collection set, F=free, OA=open archive, CA=closed archive, TAMS=top-at-mark-start (previous, next)
|   0|0x0000000083800000, 0x0000000083900000, 0x0000000083900000|100%|HS|  |TAMS 0x0000000083800000, 0x0000000083800000| Complete 
|   1|0x0000000083900000, 0x0000000083a00000, 0x0000000083a00000|100%| O|  |TAMS 0x0000000083900000, 0x0000000083900000| Untracked 
|   2|0x0000000083a00000, 0x0000000083b00000, 0x0000000083b00000|100%| O|  |TAMS 0x0000000083a00000, 0x0000000083a00000| Untracked 
|   3|0x0000000083b00000, 0x0000000083c00000, 0x0000000083c00000|100%| O|  |TAMS 0x0000000083b00000, 0x0000000083b00000| Untracked 
|   4|0x0000000083c00000, 0x0000000083d00000, 0x0000000083d00000|100%| O|  |TAMS 0x0000000083c00000, 0x0000000083c00000| Untracked 
|   5|0x0000000083d00000, 0x0000000083e00000, 0x0000000083e00000|100%| O|  |TAMS 0x0000000083d00000, 0x0000000083d00000| Untracked 
|   6|0x0000000083e00000, 0x0000000083f00000, 0x0000000083f00000|100%| O|  |TAMS 0x0000000083e00000, 0x0000000083e00000| Untracked 
|   7|0x0000000083f00000, 0x0000000084000000, 0x0000000084000000|100%| O|  |TAMS 0x0000000083f00000, 0x0000000083f00000| Untracked 
|   8|0x0000000084000000, 0x0000000084100000, 0x0000000084100000|100%| O|  |TAMS 0x0000000084000000, 0x0000000084000000| Untracked 
|   9|0x0000000084100000, 0x00000000841ad800, 0x0000000084200000| 67%| O|  |TAMS 0x0000000084100000, 0x0000000084100000| Untracked 
|  10|0x0000000084200000, 0x0000000084200000, 0x0000000084300000|  0%| F|  |TAMS 0x0000000084200000, 0x0000000084200000| Untracked 
|  11|0x0000000084300000, 0x0000000084300000, 0x0000000084400000|  0%| F|  |TAMS 0x0000000084300000, 0x0000000084300000| Untracked 
|  12|0x0000000084400000, 0x0000000084400000, 0x0000000084500000|  0%| F|  |TAMS 0x0000000084400000, 0x0000000084400000| Untracked 
|  13|0x0000000084500000, 0x0000000084500000, 0x0000000084600000|  0%| F|  |TAMS 0x0000000084500000, 0x0000000084500000| Untracked 
|  14|0x0000000084600000, 0x0000000084600000, 0x0000000084700000|  0%| F|  |TAMS 0x0000000084600000, 0x0000000084600000| Untracked 
|  15|0x0000000084700000, 0x0000000084700000, 0x0000000084800000|  0%| F|  |TAMS 0x0000000084700000, 0x0000000084700000| Untracked 
|  16|0x0000000084800000, 0x0000000084800000, 0x0000000084900000|  0%| F|  |TAMS 0x0000000084800000, 0x0000000084800000| Untracked 
|  17|0x0000000084900000, 0x0000000084900000, 0x0000000084a00000|  0%| F|  |TAMS 0x0000000084900000, 0x0000000084900000| Untracked 
|  18|0x0000000084a00000, 0x0000000084a00000, 0x0000000084b00000|  0%| F|  |TAMS 0x0000000084a00000, 0x0000000084a00000| Untracked 
|  19|0x0000000084b00000, 0x0000000084b00000, 0x0000000084c00000|  0%| F|  |TAMS 0x0000000084b00000, 0x0000000084b00000| Untracked 
|  20|0x0000000084c00000, 0x0000000084c00000, 0x0000000084d00000|  0%| F|  |TAMS 0x0000000084c00000, 0x0000000084c00000| Untracked 
|  21|0x0000000084d00000, 0x0000000084d00000, 0x0000000084e00000|  0%| F|  |TAMS 0x0000000084d00000, 0x0000000084d00000| Untracked 
|  22|0x0000000084e00000, 0x0000000084e00000, 0x0000000084f00000|  0%| F|  |TAMS 0x0000000084e00000, 0x0000000084e00000| Untracked 
|  23|0x0000000084f00000, 0x0000000084f00000, 0x0000000085000000|  0%| F|  |TAMS 0x0000000084f00000, 0x0000000084f00000| Untracked 
|  24|0x0000000085000000, 0x0000000085000000, 0x0000000085100000|  0%| F|  |TAMS 0x0000000085000000, 0x0000000085000000| Untracked 
|  25|0x0000000085100000, 0x0000000085100000, 0x0000000085200000|  0%| F|  |TAMS 0x0000000085100000, 0x0000000085100000| Untracked 
|  26|0x0000000085200000, 0x0000000085200000, 0x0000000085300000|  0%| F|  |TAMS 0x0000000085200000, 0x0000000085200000| Untracked 
|  27|0x0000000085300000, 0x0000000085300000, 0x0000000085400000|  0%| F|  |TAMS 0x0000000085300000, 0x0000000085300000| Untracked 
|  28|0x0000000085400000, 0x0000000085400000, 0x0000000085500000|  0%| F|  |TAMS 0x0000000085400000, 0x0000000085400000| Untracked 
|  29|0x0000000085500000, 0x0000000085500000, 0x0000000085600000|  0%| F|  |TAMS 0x0000000085500000, 0x0000000085500000| Untracked 
|  30|0x0000000085600000, 0x0000000085600000, 0x0000000085700000|  0%| F|  |TAMS 0x0000000085600000, 0x0000000085600000| Untracked 
|  31|0x0000000085700000, 0x0000000085700000, 0x0000000085800000|  0%| F|  |TAMS 0x0000000085700000, 0x0000000085700000| Untracked 
|  32|0x0000000085800000, 0x0000000085800000, 0x0000000085900000|  0%| F|  |TAMS 0x0000000085800000, 0x0000000085800000| Untracked 
|  33|0x0000000085900000, 0x0000000085900000, 0x0000000085a00000|  0%| F|  |TAMS 0x0000000085900000, 0x0000000085900000| Untracked 
|  34|0x0000000085a00000, 0x0000000085a00000, 0x0000000085b00000|  0%| F|  |TAMS 0x0000000085a00000, 0x0000000085a00000| Untracked 
|  35|0x0000000085b00000, 0x0000000085b00000, 0x0000000085c00000|  0%| F|  |TAMS 0x0000000085b00000, 0x0000000085b00000| Untracked 
|  36|0x0000000085c00000, 0x0000000085c00000, 0x0000000085d00000|  0%| F|  |TAMS 0x0000000085c00000, 0x0000000085c00000| Untracked 
|  37|0x0000000085d00000, 0x0000000085d00000, 0x0000000085e00000|  0%| F|  |TAMS 0x0000000085d00000, 0x0000000085d00000| Untracked 
|  38|0x0000000085e00000, 0x0000000085e00000, 0x0000000085f00000|  0%| F|  |TAMS 0x0000000085e00000, 0x0000000085e00000| Untracked 
|  39|0x0000000085f00000, 0x0000000085f00000, 0x0000000086000000|  0%| F|  |TAMS 0x0000000085f00000, 0x0000000085f00000| Untracked 
|  40|0x0000000086000000, 0x0000000086000000, 0x0000000086100000|  0%| F|  |TAMS 0x0000000086000000, 0x0000000086000000| Untracked 
|  41|0x0000000086100000, 0x0000000086100000, 0x0000000086200000|  0%| F|  |TAMS 0x0000000086100000, 0x0000000086100000| Untracked 
|  42|0x0000000086200000, 0x0000000086200000, 0x0000000086300000|  0%| F|  |TAMS 0x0000000086200000, 0x0000000086200000| Untracked 
|  43|0x0000000086300000, 0x0000000086300000, 0x0000000086400000|  0%| F|  |TAMS 0x0000000086300000, 0x0000000086300000| Untracked 
|  44|0x0000000086400000, 0x0000000086400000, 0x0000000086500000|  0%| F|  |TAMS 0x0000000086400000, 0x0000000086400000| Untracked 
|  45|0x0000000086500000, 0x0000000086500000, 0x0000000086600000|  0%| F|  |TAMS 0x0000000086500000, 0x0000000086500000| Untracked 
|  46|0x0000000086600000, 0x0000000086600000, 0x0000000086700000|  0%| F|  |TAMS 0x0000000086600000, 0x0000000086600000| Untracked 
|  47|0x0000000086700000, 0x0000000086700000, 0x0000000086800000|  0%| F|  |TAMS 0x0000000086700000, 0x0000000086700000| Untracked 
|  48|0x0000000086800000, 0x0000000086800000, 0x0000000086900000|  0%| F|  |TAMS 0x0000000086800000, 0x0000000086800000| Untracked 
|  49|0x0000000086900000, 0x0000000086900000, 0x0000000086a00000|  0%| F|  |TAMS 0x0000000086900000, 0x0000000086900000| Untracked 
|  50|0x0000000086a00000, 0x0000000086a00000, 0x0000000086b00000|  0%| F|  |TAMS 0x0000000086a00000, 0x0000000086a00000| Untracked 
|  51|0x0000000086b00000, 0x0000000086b00000, 0x0000000086c00000|  0%| F|  |TAMS 0x0000000086b00000, 0x0000000086b00000| Untracked 
|  52|0x0000000086c00000, 0x0000000086c00000, 0x0000000086d00000|  0%| F|  |TAMS 0x0000000086c00000, 0x0000000086c00000| Untracked 
|  53|0x0000000086d00000, 0x0000000086d00000, 0x0000000086e00000|  0%| F|  |TAMS 0x0000000086d00000, 0x0000000086d00000| Untracked 
|  54|0x0000000086e00000, 0x0000000086e00000, 0x0000000086f00000|  0%| F|  |TAMS 0x0000000086e00000, 0x0000000086e00000| Untracked 
|  55|0x0000000086f00000, 0x0000000086f00000, 0x0000000087000000|  0%| F|  |TAMS 0x0000000086f00000, 0x0000000086f00000| Untracked 
|  56|0x0000000087000000, 0x0000000087000000, 0x0000000087100000|  0%| F|  |TAMS 0x0000000087000000, 0x0000000087000000| Untracked 
|  57|0x0000000087100000, 0x0000000087100000, 0x0000000087200000|  0%| F|  |TAMS 0x0000000087100000, 0x0000000087100000| Untracked 
|  58|0x0000000087200000, 0x0000000087200000, 0x0000000087300000|  0%| F|  |TAMS 0x0000000087200000, 0x0000000087200000| Untracked 
|  59|0x0000000087300000, 0x0000000087300000, 0x0000000087400000|  0%| F|  |TAMS 0x0000000087300000, 0x0000000087300000| Untracked 
|  60|0x0000000087400000, 0x0000000087400000, 0x0000000087500000|  0%| F|  |TAMS 0x0000000087400000, 0x0000000087400000| Untracked 
|  61|0x0000000087500000, 0x0000000087500000, 0x0000000087600000|  0%| F|  |TAMS 0x0000000087500000, 0x0000000087500000| Untracked 
|  62|0x0000000087600000, 0x0000000087600000, 0x0000000087700000|  0%| F|  |TAMS 0x0000000087600000, 0x0000000087600000| Untracked 
|  63|0x0000000087700000, 0x0000000087700000, 0x0000000087800000|  0%| F|  |TAMS 0x0000000087700000, 0x0000000087700000| Untracked 
|  64|0x0000000087800000, 0x0000000087800000, 0x0000000087900000|  0%| F|  |TAMS 0x0000000087800000, 0x0000000087800000| Untracked 
|  65|0x0000000087900000, 0x0000000087900000, 0x0000000087a00000|  0%| F|  |TAMS 0x0000000087900000, 0x0000000087900000| Untracked 
|  66|0x0000000087a00000, 0x0000000087a00000, 0x0000000087b00000|  0%| F|  |TAMS 0x0000000087a00000, 0x0000000087a00000| Untracked 
|  67|0x0000000087b00000, 0x0000000087b00000, 0x0000000087c00000|  0%| F|  |TAMS 0x0000000087b00000, 0x0000000087b00000| Untracked 
|  68|0x0000000087c00000, 0x0000000087c00000, 0x0000000087d00000|  0%| F|  |TAMS 0x0000000087c00000, 0x0000000087c00000| Untracked 
|  69|0x0000000087d00000, 0x0000000087d00000, 0x0000000087e00000|  0%| F|  |TAMS 0x0000000087d00000, 0x0000000087d00000| Untracked 
|  70|0x0000000087e00000, 0x0000000087e00000, 0x0000000087f00000|  0%| F|  |TAMS 0x0000000087e00000, 0x0000000087e00000| Untracked 
|  71|0x0000000087f00000, 0x0000000087f00000, 0x0000000088000000|  0%| F|  |TAMS 0x0000000087f00000, 0x0000000087f00000| Untracked 
|  72|0x0000000088000000, 0x0000000088000000, 0x0000000088100000|  0%| F|  |TAMS 0x0000000088000000, 0x0000000088000000| Untracked 
|  73|0x0000000088100000, 0x0000000088100000, 0x0000000088200000|  0%| F|  |TAMS 0x0000000088100000, 0x0000000088100000| Untracked 
|  74|0x0000000088200000, 0x0000000088200000, 0x0000000088300000|  0%| F|  |TAMS 0x0000000088200000, 0x0000000088200000| Untracked 
|  75|0x0000000088300000, 0x0000000088300000, 0x0000000088400000|  0%| F|  |TAMS 0x0000000088300000, 0x0000000088300000| Untracked 
|  76|0x0000000088400000, 0x0000000088400000, 0x0000000088500000|  0%| F|  |TAMS 0x0000000088400000, 0x0000000088400000| Untracked 
|  77|0x0000000088500000, 0x0000000088500000, 0x0000000088600000|  0%| F|  |TAMS 0x0000000088500000, 0x0000000088500000| Untracked 
|  78|0x0000000088600000, 0x0000000088600000, 0x0000000088700000|  0%| F|  |TAMS 0x0000000088600000, 0x0000000088600000| Untracked 
|  79|0x0000000088700000, 0x0000000088700000, 0x0000000088800000|  0%| F|  |TAMS 0x0000000088700000, 0x0000000088700000| Untracked 
|  80|0x0000000088800000, 0x0000000088800000, 0x0000000088900000|  0%| F|  |TAMS 0x0000000088800000, 0x0000000088800000| Untracked 
|  81|0x0000000088900000, 0x0000000088900000, 0x0000000088a00000|  0%| F|  |TAMS 0x0000000088900000, 0x0000000088900000| Untracked 
|  82|0x0000000088a00000, 0x0000000088a00000, 0x0000000088b00000|  0%| F|  |TAMS 0x0000000088a00000, 0x0000000088a00000| Untracked 
|  83|0x0000000088b00000, 0x0000000088b00000, 0x0000000088c00000|  0%| F|  |TAMS 0x0000000088b00000, 0x0000000088b00000| Untracked 
|  84|0x0000000088c00000, 0x0000000088c00000, 0x0000000088d00000|  0%| F|  |TAMS 0x0000000088c00000, 0x0000000088c00000| Untracked 
|  85|0x0000000088d00000, 0x0000000088d00000, 0x0000000088e00000|  0%| F|  |TAMS 0x0000000088d00000, 0x0000000088d00000| Untracked 
|  86|0x0000000088e00000, 0x0000000088e00000, 0x0000000088f00000|  0%| F|  |TAMS 0x0000000088e00000, 0x0000000088e00000| Untracked 
|  87|0x0000000088f00000, 0x0000000088f00000, 0x0000000089000000|  0%| F|  |TAMS 0x0000000088f00000, 0x0000000088f00000| Untracked 
|  88|0x0000000089000000, 0x0000000089000000, 0x0000000089100000|  0%| F|  |TAMS 0x0000000089000000, 0x0000000089000000| Untracked 
|  89|0x0000000089100000, 0x0000000089100000, 0x0000000089200000|  0%| F|  |TAMS 0x0000000089100000, 0x0000000089100000| Untracked 
|  90|0x0000000089200000, 0x0000000089200000, 0x0000000089300000|  0%| F|  |TAMS 0x0000000089200000, 0x0000000089200000| Untracked 
|  91|0x0000000089300000, 0x0000000089400000, 0x0000000089400000|100%| S|CS|TAMS 0x0000000089300000, 0x0000000089300000| Complete 
|  92|0x0000000089400000, 0x0000000089500000, 0x0000000089500000|100%| S|CS|TAMS 0x0000000089400000, 0x0000000089400000| Complete 
|  93|0x0000000089500000, 0x0000000089600000, 0x0000000089600000|100%| S|CS|TAMS 0x0000000089500000, 0x0000000089500000| Complete 
|  94|0x0000000089600000, 0x0000000089700000, 0x0000000089700000|100%| S|CS|TAMS 0x0000000089600000, 0x0000000089600000| Complete 
|  95|0x0000000089700000, 0x0000000089700000, 0x0000000089800000|  0%| F|  |TAMS 0x0000000089700000, 0x0000000089700000| Untracked 
|  96|0x0000000089800000, 0x0000000089800000, 0x0000000089900000|  0%| F|  |TAMS 0x0000000089800000, 0x0000000089800000| Untracked 
|  97|0x0000000089900000, 0x0000000089900000, 0x0000000089a00000|  0%| F|  |TAMS 0x0000000089900000, 0x0000000089900000| Untracked 
|  98|0x0000000089a00000, 0x0000000089a00000, 0x0000000089b00000|  0%| F|  |TAMS 0x0000000089a00000, 0x0000000089a00000| Untracked 
|  99|0x0000000089b00000, 0x0000000089b00000, 0x0000000089c00000|  0%| F|  |TAMS 0x0000000089b00000, 0x0000000089b00000| Untracked 
| 100|0x0000000089c00000, 0x0000000089d00000, 0x0000000089d00000|100%| E|  |TAMS 0x0000000089c00000, 0x0000000089c00000| Complete 
| 101|0x0000000089d00000, 0x0000000089e00000, 0x0000000089e00000|100%| E|CS|TAMS 0x0000000089d00000, 0x0000000089d00000| Complete 
| 102|0x0000000089e00000, 0x0000000089f00000, 0x0000000089f00000|100%| E|CS|TAMS 0x0000000089e00000, 0x0000000089e00000| Complete 
| 103|0x0000000089f00000, 0x000000008a000000, 0x000000008a000000|100%| E|CS|TAMS 0x0000000089f00000, 0x0000000089f00000| Complete 
| 104|0x000000008a000000, 0x000000008a100000, 0x000000008a100000|100%| E|CS|TAMS 0x000000008a000000, 0x000000008a000000| Complete 
| 105|0x000000008a100000, 0x000000008a200000, 0x000000008a200000|100%| E|CS|TAMS 0x000000008a100000, 0x000000008a100000| Complete 
| 106|0x000000008a200000, 0x000000008a300000, 0x000000008a300000|100%| E|CS|TAMS 0x000000008a200000, 0x000000008a200000| Complete 
| 107|0x000000008a300000, 0x000000008a400000, 0x000000008a400000|100%| E|CS|TAMS 0x000000008a300000, 0x000000008a300000| Complete 
| 108|0x000000008a400000, 0x000000008a500000, 0x000000008a500000|100%| E|CS|TAMS 0x000000008a400000, 0x000000008a400000| Complete 
| 109|0x000000008a500000, 0x000000008a600000, 0x000000008a600000|100%| E|CS|TAMS 0x000000008a500000, 0x000000008a500000| Complete 
| 110|0x000000008a600000, 0x000000008a700000, 0x000000008a700000|100%| E|CS|TAMS 0x000000008a600000, 0x000000008a600000| Complete 
| 111|0x000000008a700000, 0x000000008a800000, 0x000000008a800000|100%| E|CS|TAMS 0x000000008a700000, 0x000000008a700000| Complete 
| 112|0x000000008a800000, 0x000000008a900000, 0x000000008a900000|100%| E|CS|TAMS 0x000000008a800000, 0x000000008a800000| Complete 
| 113|0x000000008a900000, 0x000000008aa00000, 0x000000008aa00000|100%| E|CS|TAMS 0x000000008a900000, 0x000000008a900000| Complete 
| 114|0x000000008aa00000, 0x000000008ab00000, 0x000000008ab00000|100%| E|CS|TAMS 0x000000008aa00000, 0x000000008aa00000| Complete 
| 115|0x000000008ab00000, 0x000000008ac00000, 0x000000008ac00000|100%| E|CS|TAMS 0x000000008ab00000, 0x000000008ab00000| Complete 
| 116|0x000000008ac00000, 0x000000008ad00000, 0x000000008ad00000|100%| E|CS|TAMS 0x000000008ac00000, 0x000000008ac00000| Complete 
| 117|0x000000008ad00000, 0x000000008ae00000, 0x000000008ae00000|100%| E|CS|TAMS 0x000000008ad00000, 0x000000008ad00000| Complete 
| 118|0x000000008ae00000, 0x000000008af00000, 0x000000008af00000|100%| E|CS|TAMS 0x000000008ae00000, 0x000000008ae00000| Complete 
| 119|0x000000008af00000, 0x000000008b000000, 0x000000008b000000|100%| E|CS|TAMS 0x000000008af00000, 0x000000008af00000| Complete 
| 120|0x000000008b000000, 0x000000008b100000, 0x000000008b100000|100%| E|CS|TAMS 0x000000008b000000, 0x000000008b000000| Complete 
| 121|0x000000008b100000, 0x000000008b200000, 0x000000008b200000|100%| E|CS|TAMS 0x000000008b100000, 0x000000008b100000| Complete 
| 122|0x000000008b200000, 0x000000008b300000, 0x000000008b300000|100%| E|CS|TAMS 0x000000008b200000, 0x000000008b200000| Complete 
| 123|0x000000008b300000, 0x000000008b400000, 0x000000008b400000|100%| E|CS|TAMS 0x000000008b300000, 0x000000008b300000| Complete 
| 124|0x000000008b400000, 0x000000008b500000, 0x000000008b500000|100%| E|CS|TAMS 0x000000008b400000, 0x000000008b400000| Complete 
| 125|0x000000008b500000, 0x000000008b600000, 0x000000008b600000|100%| E|CS|TAMS 0x000000008b500000, 0x000000008b500000| Complete 

Card table byte_map: [0x00000222e45f0000,0x00000222e49e0000] _byte_map_base: 0x00000222e41d4000

Marking Bits (Prev, Next): (CMBitMap*) 0x00000222ccdc7190, (CMBitMap*) 0x00000222ccdc71d0
 Prev Bits: [0x00000222e4dd0000, 0x00000222e6cf0000)
 Next Bits: [0x00000222e6cf0000, 0x00000222e8c10000)

Polling page: 0x00000222caa50000

Metaspace:

Usage:
  Non-class:     15.07 MB used.
      Class:      1.95 MB used.
       Both:     17.03 MB used.

Virtual space:
  Non-class space:       64.00 MB reserved,      15.25 MB ( 24%) committed,  1 nodes.
      Class space:        1.00 GB reserved,       2.06 MB ( <1%) committed,  1 nodes.
             Both:        1.06 GB reserved,      17.31 MB (  2%) committed. 

Chunk freelists:
   Non-Class:  640.00 KB
       Class:  1.94 MB
        Both:  2.56 MB

MaxMetaspaceSize: unlimited
CompressedClassSpaceSize: 1.00 GB
Initial GC threshold: 21.00 MB
Current GC threshold: 21.00 MB
CDS: on
MetaspaceReclaimPolicy: balanced
 - commit_granule_bytes: 65536.
 - commit_granule_words: 8192.
 - virtual_space_node_default_size: 8388608.
 - enlarge_chunks_in_place: 1.
 - new_chunks_are_fully_committed: 0.
 - uncommit_free_chunks: 1.
 - use_allocation_guard: 0.


Internal statistics:

num_allocs_failed_limit: 0.
num_arena_births: 356.
num_arena_deaths: 0.
num_vsnodes_births: 2.
num_vsnodes_deaths: 0.
num_space_committed: 277.
num_space_uncommitted: 0.
num_chunks_returned_to_freelist: 0.
num_chunks_taken_from_freelist: 767.
num_chunk_merges: 0.
num_chunk_splits: 507.
num_chunks_enlarged: 374.
num_inconsistent_stats: 0.

CodeHeap 'non-profiled nmethods': size=120000Kb used=1073Kb max_used=1073Kb free=118926Kb
 bounds [0x00000222dc780000, 0x00000222dc9f0000, 0x00000222e3cb0000]
CodeHeap 'profiled nmethods': size=120000Kb used=4980Kb max_used=4980Kb free=115019Kb
 bounds [0x00000222d4cb0000, 0x00000222d5190000, 0x00000222dc1e0000]
CodeHeap 'non-nmethods': size=5760Kb used=1343Kb max_used=1389Kb free=4416Kb
 bounds [0x00000222dc1e0000, 0x00000222dc450000, 0x00000222dc780000]
 total_blobs=3167 nmethods=2595 adapters=482
 compilation: enabled
              stopped_count=0, restarted_count=0
 full_count=0

Compilation events (20 events):
Event: 22.648 Thread 0x00000222eb8a5da0 nmethod 2586 0x00000222d5187e10 code [0x00000222d5187fc0, 0x00000222d5188218]
Event: 22.650 Thread 0x00000222eb8a5da0 2587       3       okhttp3.internal.Util::delimiterOffset (34 bytes)
Event: 22.650 Thread 0x00000222eb8a0260 2591       4       java.lang.ThreadLocal::get (47 bytes)
Event: 22.650 Thread 0x00000222eb8a5da0 nmethod 2587 0x00000222d5188310 code [0x00000222d5188560, 0x00000222d5188e78]
Event: 22.650 Thread 0x00000222eb8a5da0 2589       3       java.util.ArrayList$ArrayListSpliterator::forEachRemaining (127 bytes)
Event: 22.651 Thread 0x00000222eb8a5da0 nmethod 2589 0x00000222d5189290 code [0x00000222d5189480, 0x00000222d5189a48]
Event: 22.651 Thread 0x00000222eb8a5da0 2590       3       java.net.URI$Parser::at (23 bytes)
Event: 22.651 Thread 0x00000222eb8a5da0 nmethod 2590 0x00000222d5189c90 code [0x00000222d5189e80, 0x00000222d518a4b8]
Event: 22.651 Thread 0x00000222eb8a5da0 2588       3       com.google.common.collect.Maps::immutableEntry (10 bytes)
Event: 22.651 Thread 0x00000222eb8a5da0 nmethod 2588 0x00000222d518a790 code [0x00000222d518a940, 0x00000222d518ac58]
Event: 22.652 Thread 0x00000222eb8a0260 nmethod 2591 0x00000222dc88bc10 code [0x00000222dc88bdc0, 0x00000222dc88bf78]
Event: 22.672 Thread 0x00000222eb8a5da0 2592       1       okhttp3.Response::body (5 bytes)
Event: 22.672 Thread 0x00000222eb8a5da0 nmethod 2592 0x00000222dc88c190 code [0x00000222dc88c320, 0x00000222dc88c3d8]
Event: 22.674 Thread 0x00000222eb8a0260 2593       4       java.nio.CharBuffer::<init> (24 bytes)
Event: 22.675 Thread 0x00000222eb8a5da0 2594       3       java.io.StringWriter::append (6 bytes)
Event: 22.675 Thread 0x00000222eb8a5da0 nmethod 2594 0x00000222d518ad90 code [0x00000222d518af80, 0x00000222d518b4b8]
Event: 22.675 Thread 0x00000222eb8a5da0 2596       3       java.lang.Class::getDeclaredMethod (63 bytes)
Event: 22.676 Thread 0x00000222eb8a5da0 nmethod 2596 0x00000222d518b690 code [0x00000222d518b940, 0x00000222d518c498]
Event: 22.676 Thread 0x00000222eb8a5da0 2595       3       java.io.StringWriter::append (10 bytes)
Event: 22.677 Thread 0x00000222eb8a5da0 nmethod 2595 0x00000222d518c990 code [0x00000222d518cb80, 0x00000222d518d018]

GC Heap History (4 events):
Event: 0.983 GC heap before
{Heap before GC invocations=0 (full 0):
 garbage-first heap   total 129024K, used 25600K [0x0000000083800000, 0x0000000100000000)
  region size 1024K, 23 young (23552K), 0 survivors (0K)
 Metaspace       used 7846K, committed 8192K, reserved 1114112K
  class space    used 861K, committed 1024K, reserved 1048576K
}
Event: 0.990 GC heap after
{Heap after GC invocations=1 (full 0):
 garbage-first heap   total 129024K, used 6632K [0x0000000083800000, 0x0000000100000000)
  region size 1024K, 3 young (3072K), 3 survivors (3072K)
 Metaspace       used 7846K, committed 8192K, reserved 1114112K
  class space    used 861K, committed 1024K, reserved 1048576K
}
Event: 1.484 GC heap before
{Heap before GC invocations=1 (full 0):
 garbage-first heap   total 129024K, used 34280K [0x0000000083800000, 0x0000000100000000)
  region size 1024K, 31 young (31744K), 3 survivors (3072K)
 Metaspace       used 11704K, committed 12032K, reserved 1114112K
  class space    used 1236K, committed 1408K, reserved 1048576K
}
Event: 1.498 GC heap after
{Heap after GC invocations=2 (full 0):
 garbage-first heap   total 129024K, used 14006K [0x0000000083800000, 0x0000000100000000)
  region size 1024K, 4 young (4096K), 4 survivors (4096K)
 Metaspace       used 11704K, committed 12032K, reserved 1114112K
  class space    used 1236K, committed 1408K, reserved 1048576K
}

Dll operation events (12 events):
Event: 0.054 Loaded shared library C:\Users\Pooja\.jdks\openjdk-19.0.1\bin\java.dll
Event: 0.065 Loaded shared library C:\Users\Pooja\.jdks\openjdk-19.0.1\bin\jsvml.dll
Event: 0.186 Loaded shared library C:\Users\Pooja\.jdks\openjdk-19.0.1\bin\zip.dll
Event: 0.189 Loaded shared library C:\Users\Pooja\.jdks\openjdk-19.0.1\bin\instrument.dll
Event: 0.196 Loaded shared library C:\Users\Pooja\.jdks\openjdk-19.0.1\bin\net.dll
Event: 0.198 Loaded shared library C:\Users\Pooja\.jdks\openjdk-19.0.1\bin\nio.dll
Event: 0.201 Loaded shared library C:\Users\Pooja\.jdks\openjdk-19.0.1\bin\zip.dll
Event: 0.211 Loaded shared library C:\Program Files\JetBrains\IntelliJ IDEA Community Edition 2023.3.2\bin\breakgen64.dll
Event: 0.221 Loaded shared library C:\Users\Pooja\.jdks\openjdk-19.0.1\bin\extnet.dll
Event: 0.333 Loaded shared library C:\Users\Pooja\.jdks\openjdk-19.0.1\bin\jimage.dll
Event: 1.247 Loaded shared library C:\Users\Pooja\.jdks\openjdk-19.0.1\bin\verify.dll
Event: 1.630 Loaded shared library C:\Users\Pooja\.jdks\openjdk-19.0.1\bin\sunmscapi.dll

Deoptimization events (20 events):
Event: 2.632 Thread 0x00000222ccd673d0 Uncommon trap: trap_request=0xffffffde fr.pc=0x00000222dc8300dc relative=0x00000000000001bc
Event: 2.632 Thread 0x00000222ccd673d0 Uncommon trap: reason=class_check action=maybe_recompile pc=0x00000222dc8300dc method=java.io.DataInputStream.readByte()B @ 4 c2
Event: 2.632 Thread 0x00000222ccd673d0 DEOPT PACKING pc=0x00000222dc8300dc sp=0x00000033d8efcae0
Event: 2.632 Thread 0x00000222ccd673d0 DEOPT UNPACKING pc=0x00000222dc246da3 sp=0x00000033d8efcaa8 mode 2
Event: 2.632 Thread 0x00000222ccd673d0 Uncommon trap: trap_request=0xffffffde fr.pc=0x00000222dc8300dc relative=0x00000000000001bc
Event: 2.632 Thread 0x00000222ccd673d0 Uncommon trap: reason=class_check action=maybe_recompile pc=0x00000222dc8300dc method=java.io.DataInputStream.readByte()B @ 4 c2
Event: 2.632 Thread 0x00000222ccd673d0 DEOPT PACKING pc=0x00000222dc8300dc sp=0x00000033d8efcae0
Event: 2.632 Thread 0x00000222ccd673d0 DEOPT UNPACKING pc=0x00000222dc246da3 sp=0x00000033d8efcaa8 mode 2
Event: 2.666 Thread 0x00000222ccd673d0 DEOPT PACKING pc=0x00000222d4f9c469 sp=0x00000033d8ef9540
Event: 2.666 Thread 0x00000222ccd673d0 DEOPT UNPACKING pc=0x00000222dc247543 sp=0x00000033d8ef8a50 mode 0
Event: 3.493 Thread 0x00000222ccd673d0 Uncommon trap: trap_request=0xffffffcc fr.pc=0x00000222dc84aa24 relative=0x0000000000000204
Event: 3.493 Thread 0x00000222ccd673d0 Uncommon trap: reason=intrinsic_or_type_checked_inlining action=make_not_entrant pc=0x00000222dc84aa24 method=java.util.Arrays.copyOf([Ljava/lang/Object;ILjava/lang/Class;)[Ljava/lang/Object; @ 35 c2
Event: 3.493 Thread 0x00000222ccd673d0 DEOPT PACKING pc=0x00000222dc84aa24 sp=0x00000033d8efd820
Event: 3.493 Thread 0x00000222ccd673d0 DEOPT UNPACKING pc=0x00000222dc246da3 sp=0x00000033d8efd7c8 mode 2
Event: 17.817 Thread 0x00000222ccd673d0 DEOPT PACKING pc=0x00000222d50e0032 sp=0x00000033d8efdaf0
Event: 17.818 Thread 0x00000222ccd673d0 DEOPT UNPACKING pc=0x00000222dc247543 sp=0x00000033d8efcf90 mode 0
Event: 17.819 Thread 0x00000222ccd673d0 DEOPT PACKING pc=0x00000222d50e0032 sp=0x00000033d8efdaf0
Event: 17.819 Thread 0x00000222ccd673d0 DEOPT UNPACKING pc=0x00000222dc247543 sp=0x00000033d8efcf90 mode 0
Event: 17.820 Thread 0x00000222ccd673d0 DEOPT PACKING pc=0x00000222d50e0032 sp=0x00000033d8efdaf0
Event: 17.820 Thread 0x00000222ccd673d0 DEOPT UNPACKING pc=0x00000222dc247543 sp=0x00000033d8efcf90 mode 0

Classes loaded (20 events):
Event: 3.500 Loading class sun/util/logging/resources/logging_en_IN
Event: 3.500 Loading class sun/util/logging/resources/logging_en_IN done
Event: 3.500 Loading class java/util/Formatter$DateTime
Event: 3.500 Loading class java/util/Formatter$DateTime done
Event: 3.500 Loading class java/time/ZonedDateTime$1
Event: 3.500 Loading class java/time/ZonedDateTime$1 done
Event: 16.724 Loading class java/util/stream/SortedOps$RefSortingSink
Event: 16.724 Loading class java/util/stream/SortedOps$RefSortingSink done
Event: 16.732 Loading class java/net/InetAddress$CachedLocalHost
Event: 16.732 Loading class java/net/InetAddress$CachedLocalHost done
Event: 16.733 Loading class sun/misc/SharedSecrets
Event: 16.733 Loading class sun/misc/SharedSecrets done
Event: 18.087 Loading class java/net/URLEncoder
Event: 18.125 Loading class java/net/URLEncoder done
Event: 18.125 Loading class java/io/CharArrayWriter
Event: 18.125 Loading class java/io/CharArrayWriter done
Event: 22.672 Loading class java/lang/foreign/MemorySegment
Event: 22.673 Loading class java/lang/foreign/Addressable
Event: 22.674 Loading class java/lang/foreign/Addressable done
Event: 22.674 Loading class java/lang/foreign/MemorySegment done

Classes unloaded (0 events):
No events

Classes redefined (0 events):
No events

Internal exceptions (20 events):
Event: 1.826 Thread 0x00000222efcceeb0 Exception <a 'java/net/ConnectException'{0x000000008aecf5b8}: Connection refused: no further information> (0x000000008aecf5b8) 
thrown [s\open\src\hotspot\share\prims\jni.cpp, line 536]
Event: 1.935 Thread 0x00000222efcceeb0 Exception <a 'java/net/ConnectException'{0x000000008aed0558}: Connection refused: no further information> (0x000000008aed0558) 
thrown [s\open\src\hotspot\share\prims\jni.cpp, line 536]
Event: 2.122 Thread 0x00000222efcceeb0 Exception <a 'java/net/ConnectException'{0x000000008aed14f8}: Connection refused: no further information> (0x000000008aed14f8) 
thrown [s\open\src\hotspot\share\prims\jni.cpp, line 536]
Event: 2.168 Thread 0x00000222efccf400 Exception <a 'java/lang/NoSuchMethodError'{0x000000008ae8d598}: 'void java.lang.invoke.DirectMethodHandle$Holder.invokeStatic(java.lang.Object, long)'> (0x000000008ae8d598) 
thrown [s\open\src\hotspot\share\interpreter\linkResolver.cpp, line 774]
Event: 2.169 Thread 0x00000222efccf400 Exception <a 'java/lang/NoSuchMethodError'{0x000000008ae92850}: 'java.lang.Object java.lang.invoke.DirectMethodHandle$Holder.newInvokeSpecial(java.lang.Object, long)'> (0x000000008ae92850) 
thrown [s\open\src\hotspot\share\interpreter\linkResolver.cpp, line 774]
Event: 2.171 Thread 0x00000222efccf400 Exception <a 'java/lang/NoSuchMethodError'{0x000000008ae99508}: 'java.lang.Object java.lang.invoke.DirectMethodHandle$Holder.invokeStatic(java.lang.Object, long, java.lang.Object)'> (0x000000008ae99508) 
thrown [s\open\src\hotspot\share\interpreter\linkResolver.cpp, line 774]
Event: 2.171 Thread 0x00000222efccf400 Exception <a 'java/lang/NoSuchMethodError'{0x000000008ae9cb58}: 'java.lang.Object java.lang.invoke.DirectMethodHandle$Holder.invokeStaticInit(java.lang.Object, long, java.lang.Object)'> (0x000000008ae9cb58) 
thrown [s\open\src\hotspot\share\interpreter\linkResolver.cpp, line 774]
Event: 2.467 Thread 0x00000222ccd673d0 Exception <a 'java/lang/NoSuchMethodError'{0x000000008ad7edd8}: 'java.lang.Object java.lang.invoke.DirectMethodHandle$Holder.invokeInterface(java.lang.Object, java.lang.Object, java.lang.Object)'> (0x000000008ad7edd8) 
thrown [s\open\src\hotspot\share\interpreter\linkResolver.cpp, line 774]
Event: 2.467 Thread 0x00000222ccd673d0 Exception <a 'java/lang/IncompatibleClassChangeError'{0x000000008ad824a8}: Found class java.lang.Object, but interface was expected> (0x000000008ad824a8) 
thrown [s\open\src\hotspot\share\interpreter\linkResolver.cpp, line 841]
Event: 2.468 Thread 0x00000222ccd673d0 Exception <a 'java/lang/NoSuchMethodError'{0x000000008ad8af38}: 'int java.lang.invoke.DirectMethodHandle$Holder.invokeSpecialIFC(java.lang.Object, java.lang.Object, java.lang.Object, java.lang.Object)'> (0x000000008ad8af38) 
thrown [s\open\src\hotspot\share\interpreter\linkResolver.cpp, line 774]
Event: 2.469 Thread 0x00000222ccd673d0 Exception <a 'java/lang/NoSuchMethodError'{0x000000008ad93440}: 'java.lang.Object java.lang.invoke.DirectMethodHandle$Holder.invokeInterface(java.lang.Object, java.lang.Object, java.lang.Object, java.lang.Object)'> (0x000000008ad93440) 
thrown [s\open\src\hotspot\share\interpreter\linkResolver.cpp, line 774]
Event: 2.481 Thread 0x00000222ccd673d0 Exception <a 'java/lang/NoSuchMethodError'{0x000000008ac1f620}: 'void java.lang.invoke.DirectMethodHandle$Holder.invokeInterface(java.lang.Object, java.lang.Object, java.lang.Object)'> (0x000000008ac1f620) 
thrown [s\open\src\hotspot\share\interpreter\linkResolver.cpp, line 774]
Event: 2.489 Thread 0x00000222ccd673d0 Exception <a 'java/lang/NoSuchMethodError'{0x000000008ac70068}: 'double java.lang.invoke.DirectMethodHandle$Holder.invokeVirtual(java.lang.Object, java.lang.Object)'> (0x000000008ac70068) 
thrown [s\open\src\hotspot\share\interpreter\linkResolver.cpp, line 774]
Event: 2.490 Thread 0x00000222ccd673d0 Exception <a 'java/lang/NoSuchMethodError'{0x000000008ac768d0}: 'float java.lang.invoke.DirectMethodHandle$Holder.invokeVirtual(java.lang.Object, java.lang.Object)'> (0x000000008ac768d0) 
thrown [s\open\src\hotspot\share\interpreter\linkResolver.cpp, line 774]
Event: 2.490 Thread 0x00000222ccd673d0 Exception <a 'java/lang/NoSuchMethodError'{0x000000008ac7f958}: 'long java.lang.invoke.DirectMethodHandle$Holder.invokeVirtual(java.lang.Object, java.lang.Object)'> (0x000000008ac7f958) 
thrown [s\open\src\hotspot\share\interpreter\linkResolver.cpp, line 774]
Event: 2.521 Thread 0x00000222ccd673d0 Exception <a 'java/lang/NoSuchMethodError'{0x000000008abb5688}: 'void java.lang.invoke.DirectMethodHandle$Holder.invokeSpecial(java.lang.Object, java.lang.Object, java.lang.Object, java.lang.Object, java.lang.Object)'> (0x000000008abb5688) 
thrown [s\open\src\hotspot\share\interpreter\linkResolver.cpp, line 774]
Event: 3.474 Thread 0x00000222ccd673d0 Exception <a 'java/lang/NoSuchMethodError'{0x000000008a4183d8}: 'java.lang.Object java.lang.invoke.DirectMethodHandle$Holder.invokeSpecialIFC(java.lang.Object, java.lang.Object, java.lang.Object)'> (0x000000008a4183d8) 
thrown [s\open\src\hotspot\share\interpreter\linkResolver.cpp, line 774]
Event: 3.499 Thread 0x00000222ccd673d0 Exception <a 'java/lang/ClassNotFoundException'{0x000000008a451f30}: sun/util/logging/resources/spi/loggingProvider> (0x000000008a451f30) 
thrown [s\open\src\hotspot\share\classfile\systemDictionary.cpp, line 255]
Event: 16.701 Thread 0x00000222ccd673d0 Exception <a 'java/lang/NoSuchMethodError'{0x000000008a3289a8}: 'void java.lang.invoke.DirectMethodHandle$Holder.invokeStaticInit(java.lang.Object, java.lang.Object)'> (0x000000008a3289a8) 
thrown [s\open\src\hotspot\share\interpreter\linkResolver.cpp, line 774]
Event: 16.733 Thread 0x00000222ccd673d0 Exception <a 'java/lang/ClassNotFoundException'{0x000000008a39b0b8}: sun/misc/SharedSecrets> (0x000000008a39b0b8) 
thrown [s\open\src\hotspot\share\classfile\systemDictionary.cpp, line 255]

VM Operations (20 events):
Event: 1.437 Executing VM operation: ICBufferFull
Event: 1.438 Executing VM operation: ICBufferFull done
Event: 1.484 Executing VM operation: G1CollectForAllocation
Event: 1.498 Executing VM operation: G1CollectForAllocation done
Event: 2.455 Executing VM operation: HandshakeAllThreads
Event: 2.455 Executing VM operation: HandshakeAllThreads done
Event: 2.456 Executing VM operation: HandshakeAllThreads
Event: 2.456 Executing VM operation: HandshakeAllThreads done
Event: 3.464 Executing VM operation: Cleanup
Event: 3.465 Executing VM operation: Cleanup done
Event: 4.478 Executing VM operation: Cleanup
Event: 4.479 Executing VM operation: Cleanup done
Event: 7.519 Executing VM operation: Cleanup
Event: 7.520 Executing VM operation: Cleanup done
Event: 17.636 Executing VM operation: Cleanup
Event: 17.636 Executing VM operation: Cleanup done
Event: 18.650 Executing VM operation: Cleanup
Event: 18.650 Executing VM operation: Cleanup done
Event: 21.686 Executing VM operation: Cleanup
Event: 21.686 Executing VM operation: Cleanup done

Events (20 events):
Event: 0.085 Thread 0x00000222eb8a0260 Thread added: 0x00000222eb8a0260
Event: 0.086 Thread 0x00000222eb8a5da0 Thread added: 0x00000222eb8a5da0
Event: 0.086 Thread 0x00000222eb8a9730 Thread added: 0x00000222eb8a9730
Event: 0.164 Thread 0x00000222efcd0940 Thread added: 0x00000222efcd0940
Event: 0.211 Thread 0x00000222efcd03f0 Thread added: 0x00000222efcd03f0
Event: 0.211 Thread 0x00000222efcd23d0 Thread added: 0x00000222efcd23d0
Event: 0.268 Thread 0x00000222efeadbd0 Thread added: 0x00000222efeadbd0
Event: 1.665 Thread 0x00000222efccf400 Thread added: 0x00000222efccf400
Event: 1.670 Thread 0x00000222efcceeb0 Thread added: 0x00000222efcceeb0
Event: 2.175 Thread 0x00000222efcd0e90 Thread added: 0x00000222efcd0e90
Event: 2.175 Thread 0x00000222efccf950 Thread added: 0x00000222efccf950
Event: 2.453 Thread 0x00000222efeadbd0 Thread exited: 0x00000222efeadbd0
Event: 2.456 Thread 0x00000222efcd13e0 Thread added: 0x00000222efcd13e0
Event: 2.634 Thread 0x00000222f1091650 Thread added: 0x00000222f1091650
Event: 2.678 Thread 0x00000222efcd1e80 Thread added: 0x00000222efcd1e80
Event: 2.682 Thread 0x00000222efcd1930 Thread added: 0x00000222efcd1930
Event: 3.452 Thread 0x00000222f1091650 Thread exited: 0x00000222f1091650
Event: 7.459 Thread 0x00000222efcd13e0 Thread exited: 0x00000222efcd13e0
Event: 17.843 Thread 0x00000222f0fd9620 Thread added: 0x00000222f0fd9620
Event: 18.046 Thread 0x00000222f0fd9620 Thread exited: 0x00000222f0fd9620


Dynamic libraries:
0x00007ff70df70000 - 0x00007ff70df7e000 	C:\Users\Pooja\.jdks\openjdk-19.0.1\bin\java.exe
0x00007ffc74d70000 - 0x00007ffc74f87000 	C:\WINDOWS\SYSTEM32\ntdll.dll
0x00007ffc72aa0000 - 0x00007ffc72b64000 	C:\WINDOWS\System32\KERNEL32.DLL
0x00007ffc726f0000 - 0x00007ffc72a97000 	C:\WINDOWS\System32\KERNELBASE.dll
0x00007ffc72350000 - 0x00007ffc72461000 	C:\WINDOWS\System32\ucrtbase.dll
0x00007ffc3e080000 - 0x00007ffc3e097000 	C:\Users\Pooja\.jdks\openjdk-19.0.1\bin\jli.dll
0x00007ffc3dba0000 - 0x00007ffc3dbbb000 	C:\Users\Pooja\.jdks\openjdk-19.0.1\bin\VCRUNTIME140.dll
0x00007ffc73b80000 - 0x00007ffc73d2e000 	C:\WINDOWS\System32\USER32.dll
0x00007ffc72280000 - 0x00007ffc722a6000 	C:\WINDOWS\System32\win32u.dll
0x00007ffc48110000 - 0x00007ffc483a3000 	C:\WINDOWS\WinSxS\amd64_microsoft.windows.common-controls_6595b64144ccf1df_6.0.22621.3527_none_270e469b73872a76\COMCTL32.dll
0x00007ffc72c70000 - 0x00007ffc72c99000 	C:\WINDOWS\System32\GDI32.dll
0x00007ffc73ee0000 - 0x00007ffc73f87000 	C:\WINDOWS\System32\msvcrt.dll
0x00007ffc72510000 - 0x00007ffc72629000 	C:\WINDOWS\System32\gdi32full.dll
0x00007ffc72470000 - 0x00007ffc7250a000 	C:\WINDOWS\System32\msvcp_win.dll
0x00007ffc739d0000 - 0x00007ffc73a01000 	C:\WINDOWS\System32\IMM32.DLL
0x00007ffc53cb0000 - 0x00007ffc53cbc000 	C:\Users\Pooja\.jdks\openjdk-19.0.1\bin\vcruntime140_1.dll
0x00007ffc18ef0000 - 0x00007ffc18f7e000 	C:\Users\Pooja\.jdks\openjdk-19.0.1\bin\msvcp140.dll
0x00007ffc18230000 - 0x00007ffc18ef0000 	C:\Users\Pooja\.jdks\openjdk-19.0.1\bin\server\jvm.dll
0x00007ffc74b40000 - 0x00007ffc74bf2000 	C:\WINDOWS\System32\ADVAPI32.dll
0x00007ffc74220000 - 0x00007ffc742c8000 	C:\WINDOWS\System32\sechost.dll
0x00007ffc722b0000 - 0x00007ffc722d8000 	C:\WINDOWS\System32\bcrypt.dll
0x00007ffc740f0000 - 0x00007ffc74205000 	C:\WINDOWS\System32\RPCRT4.dll
0x00007ffc6bf60000 - 0x00007ffc6bf69000 	C:\WINDOWS\SYSTEM32\WSOCK32.dll
0x00007ffc6a390000 - 0x00007ffc6a3c4000 	C:\WINDOWS\SYSTEM32\WINMM.dll
0x00007ffc6a070000 - 0x00007ffc6a07a000 	C:\WINDOWS\SYSTEM32\VERSION.dll
0x00007ffc73e60000 - 0x00007ffc73ed1000 	C:\WINDOWS\System32\WS2_32.dll
0x00007ffc711a0000 - 0x00007ffc711b8000 	C:\WINDOWS\SYSTEM32\kernel.appcore.dll
0x00007ffc45280000 - 0x00007ffc4528a000 	C:\Users\Pooja\.jdks\openjdk-19.0.1\bin\jimage.dll
0x00007ffc6f940000 - 0x00007ffc6fb73000 	C:\WINDOWS\SYSTEM32\DBGHELP.DLL
0x00007ffc72ca0000 - 0x00007ffc73028000 	C:\WINDOWS\System32\combase.dll
0x00007ffc73d30000 - 0x00007ffc73e07000 	C:\WINDOWS\System32\OLEAUT32.dll
0x00007ffc69600000 - 0x00007ffc69632000 	C:\WINDOWS\SYSTEM32\dbgcore.DLL
0x00007ffc72090000 - 0x00007ffc72109000 	C:\WINDOWS\System32\bcryptPrimitives.dll
0x00007ffc6aa00000 - 0x00007ffc6aa0e000 	C:\Users\Pooja\.jdks\openjdk-19.0.1\bin\instrument.dll
0x00007ffc37bd0000 - 0x00007ffc37bf6000 	C:\Users\Pooja\.jdks\openjdk-19.0.1\bin\java.dll
0x00007ffc18150000 - 0x00007ffc18227000 	C:\Users\Pooja\.jdks\openjdk-19.0.1\bin\jsvml.dll
0x00007ffc742e0000 - 0x00007ffc74b3c000 	C:\WINDOWS\System32\SHELL32.dll
0x00007ffc6ffe0000 - 0x00007ffc708d6000 	C:\WINDOWS\SYSTEM32\windows.storage.dll
0x00007ffc6fea0000 - 0x00007ffc6ffde000 	C:\WINDOWS\SYSTEM32\wintypes.dll
0x00007ffc73a70000 - 0x00007ffc73b65000 	C:\WINDOWS\System32\SHCORE.dll
0x00007ffc73920000 - 0x00007ffc7397e000 	C:\WINDOWS\System32\shlwapi.dll
0x00007ffc71fc0000 - 0x00007ffc71fe1000 	C:\WINDOWS\SYSTEM32\profapi.dll
0x00007ffc38f20000 - 0x00007ffc38f38000 	C:\Users\Pooja\.jdks\openjdk-19.0.1\bin\zip.dll
0x00007ffc484a0000 - 0x00007ffc484b3000 	C:\Users\Pooja\.jdks\openjdk-19.0.1\bin\net.dll
0x00007ffc6bb70000 - 0x00007ffc6bca6000 	C:\WINDOWS\SYSTEM32\WINHTTP.dll
0x00007ffc71610000 - 0x00007ffc71679000 	C:\WINDOWS\system32\mswsock.dll
0x00007ffc3c990000 - 0x00007ffc3c9a6000 	C:\Users\Pooja\.jdks\openjdk-19.0.1\bin\nio.dll
0x00007ffc58e90000 - 0x00007ffc58eaa000 	C:\Program Files\JetBrains\IntelliJ IDEA Community Edition 2023.3.2\bin\breakgen64.dll
0x00007ffc43ce0000 - 0x00007ffc43ce8000 	C:\Users\Pooja\.jdks\openjdk-19.0.1\bin\extnet.dll
0x00007ffc71880000 - 0x00007ffc7189b000 	C:\WINDOWS\SYSTEM32\CRYPTSP.dll
0x00007ffc71100000 - 0x00007ffc71135000 	C:\WINDOWS\system32\rsaenh.dll
0x00007ffc71710000 - 0x00007ffc71738000 	C:\WINDOWS\SYSTEM32\USERENV.dll
0x00007ffc71870000 - 0x00007ffc7187c000 	C:\WINDOWS\SYSTEM32\CRYPTBASE.dll
0x00007ffc70bf0000 - 0x00007ffc70c1d000 	C:\WINDOWS\SYSTEM32\IPHLPAPI.DLL
0x00007ffc73980000 - 0x00007ffc73989000 	C:\WINDOWS\System32\NSI.dll
0x00007ffc6ba10000 - 0x00007ffc6ba29000 	C:\WINDOWS\SYSTEM32\dhcpcsvc6.DLL
0x00007ffc6b9f0000 - 0x00007ffc6ba0f000 	C:\WINDOWS\SYSTEM32\dhcpcsvc.DLL
0x00007ffc70c70000 - 0x00007ffc70d69000 	C:\WINDOWS\SYSTEM32\DNSAPI.dll
0x00007ffc6a590000 - 0x00007ffc6a5a0000 	C:\Users\Pooja\.jdks\openjdk-19.0.1\bin\verify.dll
0x0000000071b00000 - 0x0000000071b26000 	C:\Program Files\Bonjour\mdnsNSP.dll
0x00007ffc6a040000 - 0x00007ffc6a04a000 	C:\Windows\System32\rasadhlp.dll
0x00007ffc6a220000 - 0x00007ffc6a2a3000 	C:\WINDOWS\System32\fwpuclnt.dll
0x00007ffc58d20000 - 0x00007ffc58d2e000 	C:\Users\Pooja\.jdks\openjdk-19.0.1\bin\sunmscapi.dll
0x00007ffc72110000 - 0x00007ffc72277000 	C:\WINDOWS\System32\CRYPT32.dll
0x00007ffc71a10000 - 0x00007ffc71a3e000 	C:\WINDOWS\SYSTEM32\ncrypt.dll
0x00007ffc719d0000 - 0x00007ffc71a07000 	C:\WINDOWS\SYSTEM32\NTASN1.dll
0x00007ffc57280000 - 0x00007ffc57297000 	C:\WINDOWS\system32\napinsp.dll
0x00007ffc57260000 - 0x00007ffc5727b000 	C:\WINDOWS\system32\pnrpnsp.dll
0x00007ffc57240000 - 0x00007ffc57251000 	C:\WINDOWS\System32\winrnr.dll
0x00007ffc6a350000 - 0x00007ffc6a365000 	C:\WINDOWS\system32\wshbth.dll
0x00007ffc53190000 - 0x00007ffc531b1000 	C:\WINDOWS\system32\nlansp_c.dll

dbghelp: loaded successfully - version: 4.0.5 - missing functions: none
symbol engine: initialized successfully - sym options: 0x614 - pdb path: .;C:\Users\Pooja\.jdks\openjdk-19.0.1\bin;C:\WINDOWS\SYSTEM32;C:\WINDOWS\WinSxS\amd64_microsoft.windows.common-controls_6595b64144ccf1df_6.0.22621.3527_none_270e469b73872a76;C:\Users\Pooja\.jdks\openjdk-19.0.1\bin\server;C:\Program Files\JetBrains\IntelliJ IDEA Community Edition 2023.3.2\bin;C:\Program Files\Bonjour

VM Arguments:
jvm_args: -ea -Didea.test.cyclic.buffer.size=1048576 -javaagent:C:\Program Files\JetBrains\IntelliJ IDEA Community Edition 2023.3.2\lib\idea_rt.jar=62067:C:\Program Files\JetBrains\IntelliJ IDEA Community Edition 2023.3.2\bin -Dfile.encoding=UTF-8 -Dsun.stdout.encoding=UTF-8 -Dsun.stderr.encoding=UTF-8 
java_command: com.intellij.rt.testng.RemoteTestNGStarter -usedefaultlisteners false -socket62066 @w@C:\Users\Pooja\AppData\Local\Temp\idea_working_dirs_testng.tmp -temp C:\Users\Pooja\AppData\Local\Temp\idea_testng.tmp
java_class_path (initial): C:\Program Files\JetBrains\IntelliJ IDEA Community Edition 2023.3.2\lib\idea_rt.jar;C:\Program Files\JetBrains\IntelliJ IDEA Community Edition 2023.3.2\plugins\testng\lib\testng-rt.jar;D:\softwareTesting\corejava-selenium-jan2024\target\classes;C:\Users\Pooja\.m2\repository\org\seleniumhq\selenium\selenium-java\3.141.59\selenium-java-3.141.59.jar;C:\Users\Pooja\.m2\repository\org\seleniumhq\selenium\selenium-api\3.141.59\selenium-api-3.141.59.jar;C:\Users\Pooja\.m2\repository\org\seleniumhq\selenium\selenium-chrome-driver\3.141.59\selenium-chrome-driver-3.141.59.jar;C:\Users\Pooja\.m2\repository\org\seleniumhq\selenium\selenium-edge-driver\3.141.59\selenium-edge-driver-3.141.59.jar;C:\Users\Pooja\.m2\repository\org\seleniumhq\selenium\selenium-firefox-driver\3.141.59\selenium-firefox-driver-3.141.59.jar;C:\Users\Pooja\.m2\repository\org\seleniumhq\selenium\selenium-ie-driver\3.141.59\selenium-ie-driver-3.141.59.jar;C:\Users\Pooja\.m2\repository\org\seleniumhq\selenium\selenium-opera-driver\3.141.59\selenium-opera-driver-3.141.59.jar;C:\Users\Pooja\.m2\repository\org\seleniumhq\selenium\selenium-remote-driver\3.141.59\selenium-remote-driver-3.141.59.jar;C:\Users\Pooja\.m2\repository\org\seleniumhq\selenium\selenium-safari-driver\3.141.59\selenium-safari-driver-3.141.59.jar;C:\Users\Pooja\.m2\repository\org\seleniumhq\selenium\selenium-support\3.141.59\selenium-support-3.141.59.jar;C:\Users\Pooja\.m2\repository\net\bytebuddy\byte-buddy\1.8.15\byte-buddy-1.8.15.jar;C:\Users\Pooja\.m2\repository\org\apache\commons\commons-exec\1.3\commons-exec-1.3.jar;C:\Users\Pooja\.m2\repository\com\google\guava\guava\25.0-jre\guava-25.0-jre.jar;C:\Users\Pooja\.m2\repository\com\google\code\findbugs\jsr305\1.3.9\jsr305-1.3.9.jar;C:\Users\Pooja\.m2\repository\org\checkerframework\checker-compat-qual\2.0.0\checker-compat-qual-2.0.0.jar;C:\Users\Pooja\.m2\repository\com\google\errorprone\error_prone_annotations\2.1.3\error_prone_annotations-2.1.3.jar;C:\Users\Pooja\.m2\repository\com\google\j2objc\j2objc-annotations\1.1\j2objc-annotations-1.1.jar;C:\Users\Pooja\.m2\repository\org\codehaus\mojo\animal-sniffer-annotations\1.14\animal-sniffer-annotations-1.14.jar;C:\Users\Pooja\.m2\repository\com\squareup\okhttp3\okhttp\3.11.0\okhttp-3.11.0.jar;C:\Users\Pooja\.m2\repository\com\squareup\okio\okio\1.14.0\okio-1.14.0.jar;C:\Users\Pooja\.m2\repository\io\github\bonigarcia\webdrivermanager\5.7.0\webdrivermanager-5.7.0.jar;C:\Users\Pooja\.m2\repository\org\slf4j\slf4j-api\2.0.12\slf4j-api-2.0.12.jar;C:\Users\Pooja\.m2\repository\com\google\code\gson\gson\2.10.1\gson-2.10.1.jar;C:\Users\Pooja\.m2\repository\com\github\docker-java\docker-java\3.3.5\docker-java-3.3.5.jar;C:\Users\Pooja\.m2\repository\com\github\docker-java\docker-java-core\3.3.5\docker-java-core-3.3.5.jar;C:\Users\Pooja\.m2\repository\com\github\docker-java\docker-java-api\3.3.5\docker-java-api-3.3.5.jar;C:\Users\Pooja\.m2\repository\com\fasterxml\jackson\core\jackson-annotations\2.10.3\jackson-annotations-2.10.3.jar;C:\Users\Pooja\.m2\repository\com\fasterxml\jackson\core\jackson-databind\2.10.3\jackson-databind-2.10.3.jar;C:\Users\Pooja\.m2\repository\com\fasterxml\jackson\core\jackson-core\2.10.3\jackson-core-2.10.3.jar;C:\Users\Pooja\.m2\repository\org\bouncycastle\bcpkix-jdk18on\1.76\bcpkix-jdk18on-1.76.jar;C:\Users\Pooja\.m2\repository\org\bouncycastle\bcprov-jdk18on\1.76\bcprov-jdk18on-1.76.jar;C:\Users\Pooja\.m2\repository\org\bouncycastle\bcutil-jdk18on\1.76\bcutil-jdk18on-1.76.jar;C:\Users\Pooja\.m2\repository\org\slf4j\jcl-over-slf4j\1.7.30\jcl-over-slf4j-1.7.30.jar;C:\Users\Pooja\.m2\repository\com\github\docker-java\docker-java-transport-httpclient5\3.3.5\docker-java-transport-httpclient5-3.3.5.jar;C:\Users\Pooja\.m2\repository\com\github\docker-java\docker-java-transport\3.3.5\docker-java-transport-3.3.5.jar;C:\Users\Pooja\.m2\repository\net\java\dev\jna\jna\5.13.0\jna-5.13.0.jar;C:\Users\Pooja\.m2\repository\org\brotli\dec\0.1.2\dec-0.1.2.jar;C:\Users\Pooja\.m2\repository\org\apache\commons\commons-lang3\3.14.0\commons-lang3-3.14.0.jar;C:\Users\Pooja\.m2\repository\org\apache\commons\commons-compress\1.26.0\commons-compress-1.26.0.jar;C:\Users\Pooja\.m2\repository\org\apache\httpcomponents\client5\httpclient5\5.2.1\httpclient5-5.2.1.jar;C:\Users\Pooja\.m2\repository\org\apache\httpcomponents\core5\httpcore5\5.2\httpcore5-5.2.jar;C:\Users\Pooja\.m2\repository\org\apache\httpcomponents\core5\httpcore5-h2\5.2\httpcore5-h2-5.2.jar;C:\Users\Pooja\.m2\repository\org\testng\testng\7.9.0\testng-7.9.0.jar;C:\Users\Pooja\.m2\repository\com\beust\jcommander\1.82\jcommander-1.82.jar;C:\Users\Pooja\.m2\repository\org\webjars\jquery\3.7.1\jquery-3.7.1.jar;C:\Users\Pooja\.m2\repository\org\apache\poi\poi-ooxml\5.2.5\poi-ooxml-5.2.5.jar;C:\Users\Pooja\.m2\repository\org\apache\poi\poi-ooxml-lite\5.2.5\poi-ooxml-lite-5.2.5.jar;C:\Users\Pooja\.m2\repository\org\apache\xmlbeans\xmlbeans\5.2.0\xmlbeans-5.2.0.jar;C:\Users\Pooja\.m2\repository\commons-io\commons-io\2.15.0\commons-io-2.15.0.jar;C:\Users\Pooja\.m2\repository\com\github\virtuald\curvesapi\1.08\curvesapi-1.08.jar;C:\Users\Pooja\.m2\repository\org\apache\logging\log4j\log4j-api\2.21.1\log4j-api-2.21.1.jar;C:\Users\Pooja\.m2\repository\org\apache\commons\commons-collections4\4.4\commons-collections4-4.4.jar;C:\Users\Pooja\.m2\repository\org\apache\poi\poi\5.2.5\poi-5.2.5.jar;C:\Users\Pooja\.m2\repository\commons-codec\commons-codec\1.16.0\commons-codec-1.16.0.jar;C:\Users\Pooja\.m2\repository\org\apache\commons\commons-math3\3.6.1\commons-math3-3.6.1.jar;C:\Users\Pooja\.m2\repository\com\zaxxer\SparseBitSet\1.3\SparseBitSet-1.3.jar
Launcher Type: SUN_STANDARD

[Global flags]
     intx CICompilerCount                          = 4                                         {product} {ergonomic}
     uint ConcGCThreads                            = 3                                         {product} {ergonomic}
     uint G1ConcRefinementThreads                  = 10                                        {product} {ergonomic}
   size_t G1HeapRegionSize                         = 1048576                                   {product} {ergonomic}
    uintx GCDrainStackTargetSize                   = 64                                        {product} {ergonomic}
   size_t InitialHeapSize                          = 132120576                                 {product} {ergonomic}
   size_t MarkStackSize                            = 4194304                                   {product} {ergonomic}
   size_t MaxHeapSize                              = 2088763392                                {product} {ergonomic}
   size_t MaxNewSize                               = 1253048320                                {product} {ergonomic}
   size_t MinHeapDeltaBytes                        = 1048576                                   {product} {ergonomic}
   size_t MinHeapSize                              = 8388608                                   {product} {ergonomic}
    uintx NonNMethodCodeHeapSize                   = 5839372                                {pd product} {ergonomic}
    uintx NonProfiledCodeHeapSize                  = 122909434                              {pd product} {ergonomic}
    uintx ProfiledCodeHeapSize                     = 122909434                              {pd product} {ergonomic}
    uintx ReservedCodeCacheSize                    = 251658240                              {pd product} {ergonomic}
     bool SegmentedCodeCache                       = true                                      {product} {ergonomic}
   size_t SoftMaxHeapSize                          = 2088763392                             {manageable} {ergonomic}
     bool UseCompressedClassPointers               = true                           {product lp64_product} {ergonomic}
     bool UseCompressedOops                        = true                           {product lp64_product} {ergonomic}
     bool UseG1GC                                  = true                                      {product} {ergonomic}
     bool UseLargePagesIndividualAllocation        = false                                  {pd product} {ergonomic}

Logging:
Log output configuration:
 #0: stdout all=warning uptime,level,tags foldmultilines=false
 #1: stderr all=off uptime,level,tags foldmultilines=false

Environment Variables:
PATH=C:\Program Files\Common Files\Oracle\Java\javapath;C:\Program Files\Common Files\Oracle\Java;C:\Windows\system32;C:\Windows;C:\Windows\System32\Wbem;C:\Windows\System32\WindowsPowerShell\v1.0\;C:\Windows\System32\OpenSSH\;C:\Program Files\NVIDIA Corporation\NVIDIA NvDLISR;C:\WINDOWS\system32;C:\WINDOWS;C:\WINDOWS\System32\Wbem;C:\WINDOWS\System32\WindowsPowerShell\v1.0\;C:\WINDOWS\System32\OpenSSH\;C:\Program Files\dotnet\;C:\SeleniumWorkspace\maven\apache-maven-3.8.6-bin\apache-maven-3.8.6\bin;C:\jar\chromedriver_win32;C:\jar\geckodriver-v0.32.0-win32;C:\Program Files\Microsoft SQL Server\150\Tools\Binn\;C:\Program Files (x86)\Windows Kits\8.1\Windows Performance Toolkit\;C:\Program Files\Git\cmd;;C:\Program Files (x86)\NVIDIA Corporation\PhysX\Common;C:\Users\Pooja\AppData\Local\Microsoft\WindowsApps
USERNAME=Pooja
OS=Windows_NT
PROCESSOR_IDENTIFIER=Intel64 Family 6 Model 165 Stepping 2, GenuineIntel
TMP=C:\Users\Pooja\AppData\Local\Temp
TEMP=C:\Users\Pooja\AppData\Local\Temp



---------------  S Y S T E M  ---------------

OS:
 Windows 11 , 64 bit Build 22621 (10.0.22621.3527)
OS uptime: 4 days 6:17 hours

CPU: total 12 (initial active 12) (6 cores per cpu, 2 threads per core) family 6 model 165 stepping 2 microcode 0xf8, cx8, cmov, fxsr, ht, mmx, 3dnowpref, sse, sse2, sse3, ssse3, sse4.1, sse4.2, popcnt, lzcnt, tsc, tscinvbit, avx, avx2, aes, erms, clmul, bmi1, bmi2, adx, fma, vzeroupper, clflush, clflushopt, rdtscp

Memory: 4k page, system-wide physical 7967M (356M free)
TotalPageFile size 16131M (AvailPageFile size 2M)
current process WorkingSet (physical memory assigned to process): 115M, peak: 130M
current process commit charge ("private bytes"): 243M, peak: 258M

vm_info: OpenJDK 64-Bit Server VM (19.0.1+10-21) for windows-amd64 JRE (19.0.1+10-21), built on 2022-09-14T12:45:06Z by "mach5one" with MS VC++ 17.1 (VS2022)

END.
